Started at Sat Jul 20 01:01:15 UTC 2019
Checking Docker_Example
Checking Example_Pipeline
Checking FS-PetClinic
Checking hellopipe
Checking PetClinic
Checking PL-PetClinic
Checking Sample
Checking Sample_Flow
Checking Sample_pipeline
Finished at Sat Jul 20 01:01:15 UTC 2019. 37ms
Started at Sun Jul 21 01:01:15 UTC 2019
Checking Docker_Example
Checking Example_Pipeline
Checking FS-PetClinic
Checking hellopipe
Checking PetClinic
Checking PL-PetClinic
Checking Sample
Checking Sample_Flow
Checking Sample_pipeline
Finished at Sun Jul 21 01:01:15 UTC 2019. 35ms
